2025-10-06T19:05:46 | touched: scripts/deploy.js
2025-06-27T11:25:31 | touched: scripts/interact.js
2025-06-09T08:32:18 | touched: scripts/cli.js
2025-08-28T23:14:07 | touched: README.md
2025-05-19T15:28:52 | touched: test/Rustsmart.test.js
2025-11-07T15:46:13 | touched: scripts/deploy.js
2025-01-29T23:23:09 | touched: .env.example
2025-10-07T23:01:09 | touched: scripts/api-server.js
2025-04-02T22:13:33 | touched: .env.example
2025-11-24T20:30:48 | touched: scripts/cli.js
2025-07-15T03:01:03 | touched: .env.example
2025-08-17T13:15:03 | touched: scripts/cli.js
2025-06-01T07:06:59 | touched: LICENSE
2025-01-20T19:49:48 | touched: package.json
2025-04-24T09:11:14 | touched: LICENSE
2025-05-14T08:31:47 | touched: package.json
2025-06-21T19:44:29 | touched: .env.example
2025-08-01T15:32:35 | touched: .env.example
2025-10-09T05:42:09 | touched: test/Rustsmart.test.js
2025-06-10T11:35:11 | touched: package.json
2025-01-08T09:21:18 | touched: scripts/cli.js
2025-03-08T17:09:06 | touched: scripts/cli.js
2025-10-20T10:35:15 | touched: contracts/Rustsmart.sol
2025-04-12T05:52:41 | touched: .env.example
2025-07-07T08:02:17 | touched: scripts/interact.js
2025-02-25T07:29:45 | touched: contracts/Rustsmart.sol
2025-01-18T08:05:27 | touched: package.json
2025-02-26T01:50:15 | touched: .env.example
2025-09-03T13:58:02 | touched: scripts/deploy.js
2025-08-11T09:37:50 | touched: scripts/cli.js
2025-04-22T07:34:14 | touched: scripts/api-server.js
2025-02-16T10:13:42 | touched: scripts/deploy.js
2025-03-21T08:34:01 | touched: scripts/cli.js
